<?xml version="1.0" encoding="UTF-8"?>
<!-- Generated by org.testng.reporters.JUnitReportReporter -->
<testsuite skipped="0" hostname="DESKTOP-H7NP954" name="com.qa.acti.base.Driverscript" tests="1" failures="0" timestamp="12 Apr 2021 03:42:24 GMT" time="9.805" errors="0">
  <testcase name="initApplication" time="9.805" classname="com.qa.acti.base.Driverscript"/>
</testsuite> <!-- com.qa.acti.base.Driverscript -->
